create extension uctext;
select null::uctext;
 uctext 
--------
 
(1 row)

select ''::uctext;
 uctext 
--------
 
(1 row)

select 'abc123'::uctext;
 uctext 
--------
 ABC123
(1 row)

select 'ABC123'::uctext;
 uctext 
--------
 ABC123
(1 row)

select 'moo'::uctext = 'moo'::text, 'moo'::text = 'moo'::uctext;
 ?column? | ?column? 
----------+----------
 t        | t
(1 row)

select 'moo'::uctext = 'MOO'::text, 'MOO'::text = 'moo'::uctext;
 ?column? | ?column? 
----------+----------
 t        | t
(1 row)

create table log (
	call uctext,
	loc uctext
);
copy log from stdin;
select * from log where call = 'pe1ftv';
  call  |  loc   
--------+--------
 PE1FTV | JO21QI
 PE1FTV | JO21QI
(2 rows)

select * from log where call = 'PE1FTV';
  call  |  loc   
--------+--------
 PE1FTV | JO21QI
 PE1FTV | JO21QI
(2 rows)

select * from log where call between 'dl0a' and 'dl9zzz';
  call  |  loc   
--------+--------
 DL3RAR | JN68IV
 DL4RCE | JN68AX
 DL6UAA | JO62TD
 DL6RDM | JN68HV
 DL8NFA | JN59MP
 DL8MKG | JO52NU
 DL4NWM | JN59SM
(7 rows)

explain select * from log where call between 'dl0a' and 'dl9zzz';
                                   QUERY PLAN                                    
---------------------------------------------------------------------------------
 Seq Scan on log  (cost=0.00..23.20 rows=4 width=64)
   Filter: (((call)::text >= 'DL0A'::text) AND ((call)::text <= 'DL9ZZZ'::text))
(2 rows)

create index on log (call);
analyze log;
set enable_seqscan = off;
select * from log where call = 'pe1ftv';
  call  |  loc   
--------+--------
 PE1FTV | JO21QI
 PE1FTV | JO21QI
(2 rows)

select * from log where call = 'PE1FTV';
  call  |  loc   
--------+--------
 PE1FTV | JO21QI
 PE1FTV | JO21QI
(2 rows)

explain select * from log where call = 'pe1ftv';
                               QUERY PLAN                                
-------------------------------------------------------------------------
 Index Scan using log_call_idx on log  (cost=0.14..8.18 rows=2 width=12)
   Index Cond: ((call)::text = 'PE1FTV'::text)
(2 rows)

select * from log where call between 'dl0a' and 'dl9zzz';
  call  |  loc   
--------+--------
 DL3RAR | JN68IV
 DL4NWM | JN59SM
 DL4RCE | JN68AX
 DL6RDM | JN68HV
 DL6UAA | JO62TD
 DL8MKG | JO52NU
 DL8NFA | JN59MP
(7 rows)

explain select * from log where call between 'dl0a' and 'dl9zzz';
                                     QUERY PLAN                                      
-------------------------------------------------------------------------------------
 Index Scan using log_call_idx on log  (cost=0.14..8.28 rows=7 width=12)
   Index Cond: (((call)::text >= 'DL0A'::text) AND ((call)::text <= 'DL9ZZZ'::text))
(2 rows)

